app/build/intermediates/manifest_merge_blame_file/debug/processDebugMainManifest/manifest-merger-blame-debug-report.txt
1<?xml version="1.0" encoding="utf-8"?>
2<manifest xmlns:android="http://schemas.android.com/apk/res/android"
3    package="com.midnight"
4    android:versionCode="1"
5    android:versionName="4.0" >
6
7    <uses-sdk
8        android:minSdkVersion="21"
9        android:targetSdkVersion="34" />
10
11    <application
11-->src/main/AndroidManifest.xml:7:5-33:19
12        android:name="com.android.support.GlobalApplication"
12-->src/main/AndroidManifest.xml:13:9-42
13        android:allowBackup="true"
13-->src/main/AndroidManifest.xml:8:9-35
14        android:debuggable="true"
15        android:extractNativeLibs="true"
16        android:icon="@drawable/ic_launcher"
16-->src/main/AndroidManifest.xml:9:9-45
17        android:label="@string/app_name"
17-->src/main/AndroidManifest.xml:11:9-41
18        android:roundIcon="@drawable/ic_launcher_round"
18-->src/main/AndroidManifest.xml:10:9-56
19        android:theme="@style/AppTheme" >
19-->src/main/AndroidManifest.xml:12:9-40
20        <activity
20-->src/main/AndroidManifest.xml:15:9-25:20
21            android:name="com.android.support.MainActivity"
21-->src/main/AndroidManifest.xml:15:19-47
22            android:exported="true" >
22-->src/main/AndroidManifest.xml:15:48-71
23            <intent-filter>
23-->src/main/AndroidManifest.xml:17:13-23:29
24                <action android:name="android.intent.action.MAIN" />
24-->src/main/AndroidManifest.xml:19:17-68
24-->src/main/AndroidManifest.xml:19:25-66
25
26                <category android:name="android.intent.category.LAUNCHER" />
26-->src/main/AndroidManifest.xml:21:17-76
26-->src/main/AndroidManifest.xml:21:27-74
27            </intent-filter>
28        </activity>
29
30        <meta-data
30-->src/main/AndroidManifest.xml:27:9-29:34
31            android:name="android.max_aspect"
31-->src/main/AndroidManifest.xml:28:13-46
32            android:value="4.0" />
32-->src/main/AndroidManifest.xml:29:13-32
33
34        <activity android:name="com.android.support.GlobalApplication$CrashActivity" />
34-->src/main/AndroidManifest.xml:31:9-68
34-->src/main/AndroidManifest.xml:31:19-66
35    </application>
36
37</manifest>